<?xml version="1.0" encoding="UTF-8"?>
<testng-results ignored="0" total="1" passed="1" failed="0" skipped="0">
  <reporter-output>
  </reporter-output>
  <suite started-at="2022-08-22T00:31:34 IST" name="Suite" finished-at="2022-08-22T00:31:50 IST" duration-ms="15742">
    <groups>
    </groups>
    <test started-at="2022-08-22T00:31:34 IST" name="Test" finished-at="2022-08-22T00:31:50 IST" duration-ms="15742">
      <class name="com.Test.Test_TC_001">
        <test-method is-config="true" signature="BS()[pri:0, instance:com.Test.Test_TC_001@4201c465]" started-at="2022-08-22T00:31:33 IST" name="BS" finished-at="2022-08-22T00:31:34 IST" duration-ms="1617" status="PASS">
          <reporter-output>
          </reporter-output>
        </test-method> <!-- BS -->
        <test-method is-config="true" signature="BM()[pri:0, instance:com.Test.Test_TC_001@4201c465]" started-at="2022-08-22T00:31:34 IST" name="BM" finished-at="2022-08-22T00:31:43 IST" duration-ms="8764" status="PASS">
          <reporter-output>
          </reporter-output>
        </test-method> <!-- BM -->
        <test-method signature="TC_0001()[pri:0, instance:com.Test.Test_TC_001@4201c465]" started-at="2022-08-22T00:31:43 IST" name="TC_0001" finished-at="2022-08-22T00:31:49 IST" duration-ms="5341" status="PASS">
          <reporter-output>
          </reporter-output>
        </test-method> <!-- TC_0001 -->
        <test-method is-config="true" signature="AM()[pri:0, instance:com.Test.Test_TC_001@4201c465]" started-at="2022-08-22T00:31:49 IST" name="AM" finished-at="2022-08-22T00:31:50 IST" duration-ms="1396" status="PASS">
          <reporter-output>
          </reporter-output>
        </test-method> <!-- AM -->
      </class> <!-- com.Test.Test_TC_001 -->
    </test> <!-- Test -->
  </suite> <!-- Suite -->
</testng-results>
